

Microchip MPLAB XC8 Assembler V2.35 build 20211206165544 
                                                                                               Thu May 19 22:11:48 2022

Microchip MPLAB XC8 C Compiler v2.35 (Free license) build 20211206165544 Og1 
     1                           	processor	16F887
     2                           	pagewidth 120
     3                           	opt	flic
     4                           	psect	cinit,global,class=CODE,merge=1,delta=2
     5                           	psect	bssCOMMON,global,class=COMMON,space=1,delta=1,noexec
     6                           	psect	cstackCOMMON,global,class=COMMON,space=1,delta=1,noexec
     7                           	psect	cstackBANK0,global,class=BANK0,space=1,delta=1,noexec
     8                           	psect	maintext,global,class=CODE,split=1,delta=2
     9                           	psect	text1,local,class=CODE,merge=1,delta=2
    10                           	psect	text2,local,class=CODE,merge=1,delta=2
    11                           	psect	intentry,global,class=CODE,delta=2
    12                           	psect	text3,local,class=CODE,merge=1,delta=2
    13                           	psect	text4,local,class=CODE,merge=1,delta=2
    14                           	psect	idloc,global,abs,ovrld,class=IDLOC,space=5,delta=2,noexec
    15                           	psect	config,global,abs,ovrld,class=CONFIG,space=4,delta=2,noexec
    16                           	dabs	1,0x7E,2
    17  0000                     
    18                           ; Version 2.40
    19                           ; Generated 17/11/2021 GMT
    20                           ; 
    21                           ; Copyright © 2021, Microchip Technology Inc. and its subsidiaries ("Microchip")
    22                           ; All rights reserved.
    23                           ; 
    24                           ; This software is developed by Microchip Technology Inc. and its subsidiaries ("Microch
      +                          ip").
    25                           ; 
    26                           ; Redistribution and use in source and binary forms, with or without modification, are
    27                           ; permitted provided that the following conditions are met:
    28                           ; 
    29                           ;     1. Redistributions of source code must retain the above copyright notice, this lis
      +                          t of
    30                           ;        conditions and the following disclaimer.
    31                           ; 
    32                           ;     2. Redistributions in binary form must reproduce the above copyright notice, this 
      +                          list
    33                           ;        of conditions and the following disclaimer in the documentation and/or other
    34                           ;        materials provided with the distribution. Publication is not required when
    35                           ;        this file is used in an embedded application.
    36                           ; 
    37                           ;     3. Microchip's name may not be used to endorse or promote products derived from th
      +                          is
    38                           ;        software without specific prior written permission.
    39                           ; 
    40                           ; THIS SOFTWARE IS PROVIDED BY MICROCHIP "AS IS" AND ANY EXPRESS OR IMPLIED WARRANTIES,
    41                           ; INCLUDING, BUT NOT LIMITED TO, THE IMPLIED WARRANTIES OF MERCHANTABILITY AND FITNESS F
      +                          OR
    42                           ; PURPOSE ARE DISCLAIMED.  IN NO EVENT SHALL MICROCHIP BE LIABLE FOR ANY DIRECT, INDIREC
      +                          T,
    43                           ; INCIDENTAL, SPECIAL, EXEMPLARY, OR CONSEQUENTIAL DAMAGES (INCLUDING BUT NOT LIMITED TO
    44                           ; PROCUREMENT OF SUBSTITUTE GOODS OR SERVICES; LOSS OF USE, DATA OR PROFITS; OR BUSINESS
    45                           ; INTERRUPTION) HOWSOEVER CAUSED AND ON ANY THEORY OF LIABILITY, WHETHER IN CONTRACT, ST
      +                          RICT
    46                           ; LIABILITY, OR TORT (INCLUDING NEGLIGENCE OR OTHERWISE) ARISING IN ANY WAY OUT OF THE U
      +                          SE OF
    47                           ; THIS SOFTWARE, EVEN IF ADVISED OF THE POSSIBILITY OF SUCH DAMAGE.
    48                           ; 
    49                           ; 
    50                           ; Code-generator required, PIC16F887 Definitions
    51                           ; 
    52                           ; SFR Addresses
    53  0000                     	;# 
    54  0001                     	;# 
    55  0002                     	;# 
    56  0003                     	;# 
    57  0004                     	;# 
    58  0005                     	;# 
    59  0006                     	;# 
    60  0007                     	;# 
    61  0008                     	;# 
    62  0009                     	;# 
    63  000A                     	;# 
    64  000B                     	;# 
    65  000C                     	;# 
    66  000D                     	;# 
    67  000E                     	;# 
    68  000E                     	;# 
    69  000F                     	;# 
    70  0010                     	;# 
    71  0011                     	;# 
    72  0012                     	;# 
    73  0013                     	;# 
    74  0014                     	;# 
    75  0015                     	;# 
    76  0015                     	;# 
    77  0016                     	;# 
    78  0017                     	;# 
    79  0018                     	;# 
    80  0019                     	;# 
    81  001A                     	;# 
    82  001B                     	;# 
    83  001B                     	;# 
    84  001C                     	;# 
    85  001D                     	;# 
    86  001E                     	;# 
    87  001F                     	;# 
    88  0081                     	;# 
    89  0085                     	;# 
    90  0086                     	;# 
    91  0087                     	;# 
    92  0088                     	;# 
    93  0089                     	;# 
    94  008C                     	;# 
    95  008D                     	;# 
    96  008E                     	;# 
    97  008F                     	;# 
    98  0090                     	;# 
    99  0091                     	;# 
   100  0092                     	;# 
   101  0093                     	;# 
   102  0093                     	;# 
   103  0093                     	;# 
   104  0094                     	;# 
   105  0095                     	;# 
   106  0096                     	;# 
   107  0097                     	;# 
   108  0098                     	;# 
   109  0099                     	;# 
   110  009A                     	;# 
   111  009B                     	;# 
   112  009C                     	;# 
   113  009D                     	;# 
   114  009E                     	;# 
   115  009F                     	;# 
   116  0105                     	;# 
   117  0107                     	;# 
   118  0108                     	;# 
   119  0109                     	;# 
   120  010C                     	;# 
   121  010C                     	;# 
   122  010D                     	;# 
   123  010E                     	;# 
   124  010F                     	;# 
   125  0185                     	;# 
   126  0187                     	;# 
   127  0188                     	;# 
   128  0189                     	;# 
   129  018C                     	;# 
   130  018D                     	;# 
   131  0000                     	;# 
   132  0001                     	;# 
   133  0002                     	;# 
   134  0003                     	;# 
   135  0004                     	;# 
   136  0005                     	;# 
   137  0006                     	;# 
   138  0007                     	;# 
   139  0008                     	;# 
   140  0009                     	;# 
   141  000A                     	;# 
   142  000B                     	;# 
   143  000C                     	;# 
   144  000D                     	;# 
   145  000E                     	;# 
   146  000E                     	;# 
   147  000F                     	;# 
   148  0010                     	;# 
   149  0011                     	;# 
   150  0012                     	;# 
   151  0013                     	;# 
   152  0014                     	;# 
   153  0015                     	;# 
   154  0015                     	;# 
   155  0016                     	;# 
   156  0017                     	;# 
   157  0018                     	;# 
   158  0019                     	;# 
   159  001A                     	;# 
   160  001B                     	;# 
   161  001B                     	;# 
   162  001C                     	;# 
   163  001D                     	;# 
   164  001E                     	;# 
   165  001F                     	;# 
   166  0081                     	;# 
   167  0085                     	;# 
   168  0086                     	;# 
   169  0087                     	;# 
   170  0088                     	;# 
   171  0089                     	;# 
   172  008C                     	;# 
   173  008D                     	;# 
   174  008E                     	;# 
   175  008F                     	;# 
   176  0090                     	;# 
   177  0091                     	;# 
   178  0092                     	;# 
   179  0093                     	;# 
   180  0093                     	;# 
   181  0093                     	;# 
   182  0094                     	;# 
   183  0095                     	;# 
   184  0096                     	;# 
   185  0097                     	;# 
   186  0098                     	;# 
   187  0099                     	;# 
   188  009A                     	;# 
   189  009B                     	;# 
   190  009C                     	;# 
   191  009D                     	;# 
   192  009E                     	;# 
   193  009F                     	;# 
   194  0105                     	;# 
   195  0107                     	;# 
   196  0108                     	;# 
   197  0109                     	;# 
   198  010C                     	;# 
   199  010C                     	;# 
   200  010D                     	;# 
   201  010E                     	;# 
   202  010F                     	;# 
   203  0185                     	;# 
   204  0187                     	;# 
   205  0188                     	;# 
   206  0189                     	;# 
   207  018C                     	;# 
   208  018D                     	;# 
   209  0009                     _PORTE	set	9
   210  0006                     _PORTB	set	6
   211  0005                     _PORTA	set	5
   212  0008                     _PORTD	set	8
   213  0009                     _PORTEbits	set	9
   214  0006                     _PORTBbits	set	6
   215  000B                     _INTCONbits	set	11
   216  0007                     _PORTC	set	7
   217  001E                     _ADRESH	set	30
   218  001F                     _ADCON0bits	set	31
   219  000C                     _PIR1bits	set	12
   220  009F                     _ADCON1bits	set	159
   221  0096                     _IOCBbits	set	150
   222  008C                     _PIE1bits	set	140
   223  0095                     _WPUBbits	set	149
   224  0081                     _OPTION_REGbits	set	129
   225  0089                     _TRISE	set	137
   226  0088                     _TRISD	set	136
   227  0087                     _TRISC	set	135
   228  0086                     _TRISBbits	set	134
   229  0086                     _TRISB	set	134
   230  0085                     _TRISA	set	133
   231  008F                     _OSCCONbits	set	143
   232  010C                     _EEDAT	set	268
   233  010D                     _EEADR	set	269
   234  018D                     _EECON2	set	397
   235  018C                     _EECON1bits	set	396
   236  0189                     _ANSELH	set	393
   237  0188                     _ANSEL	set	392
   238                           
   239                           	psect	cinit
   240  000F                     start_initialization:	
   241                           ; #config settings
   242                           
   243  000F                     __initialization:
   244                           
   245                           ; Clear objects allocated to COMMON
   246  000F  01F6               	clrf	__pbssCOMMON& (0+127)
   247  0010  01F7               	clrf	(__pbssCOMMON+1)& (0+127)
   248  0011  01F8               	clrf	(__pbssCOMMON+2)& (0+127)
   249  0012  01F9               	clrf	(__pbssCOMMON+3)& (0+127)
   250  0013                     end_of_initialization:	
   251                           ;End of C runtime variable initialization code
   252                           
   253  0013                     __end_of__initialization:
   254  0013  0183               	clrf	3
   255  0014  120A  118A  28B6   	ljmp	_main	;jump to C main() function
   256                           
   257                           	psect	bssCOMMON
   258  0076                     __pbssCOMMON:
   259  0076                     _MODO_SLEEP:
   260  0076                     	ds	2
   261  0078                     _VALOR_POT:
   262  0078                     	ds	2
   263                           
   264                           	psect	cstackCOMMON
   265  0070                     __pcstackCOMMON:
   266  0070                     ?_LECTURA_EEPROM:
   267  0070                     ??_LECTURA_EEPROM:	
   268                           ; 1 bytes @ 0x0
   269                           
   270  0070                     ?_ESCRITURA_EEPROM:	
   271                           ; 1 bytes @ 0x0
   272                           
   273  0070                     ?_setup:	
   274                           ; 1 bytes @ 0x0
   275                           
   276  0070                     ?_isr:	
   277                           ; 1 bytes @ 0x0
   278                           
   279  0070                     ?_main:	
   280                           ; 1 bytes @ 0x0
   281                           
   282  0070                     LECTURA_EEPROM@DIRECCION:	
   283                           ; 1 bytes @ 0x0
   284                           
   285  0070                     ESCRITURA_EEPROM@DATA:	
   286                           ; 1 bytes @ 0x0
   287                           
   288                           
   289                           ; 1 bytes @ 0x0
   290  0070                     	ds	1
   291  0071                     ??_ESCRITURA_EEPROM:
   292  0071                     ESCRITURA_EEPROM@DIRECCION:	
   293                           ; 1 bytes @ 0x1
   294                           
   295                           
   296                           ; 1 bytes @ 0x1
   297  0071                     	ds	1
   298  0072                     ??_isr:
   299                           
   300                           ; 1 bytes @ 0x2
   301  0072                     	ds	4
   302                           
   303                           	psect	cstackBANK0
   304  0020                     __pcstackBANK0:
   305  0020                     ??_setup:
   306                           
   307                           ; 1 bytes @ 0x0
   308  0020                     	ds	1
   309  0021                     ??_main:
   310                           
   311                           	psect	maintext
   312  00B6                     __pmaintext:	
   313                           ; 1 bytes @ 0x1
   314 ;;
   315 ;;Main: autosize = 0, tempsize = 0, incstack = 0, save=0
   316 ;;
   317 ;; *************** function _main *****************
   318 ;; Defined at:
   319 ;;		line 79 in file "lab.c"
   320 ;; Parameters:    Size  Location     Type
   321 ;;		None
   322 ;; Auto vars:     Size  Location     Type
   323 ;;		None
   324 ;; Return value:  Size  Location     Type
   325 ;;                  1    wreg      void 
   326 ;; Registers used:
   327 ;;		wreg, status,2, status,0, pclath, cstack
   328 ;; Tracked objects:
   329 ;;		On entry : B00/0
   330 ;;		On exit  : 0/0
   331 ;;		Unchanged: 0/0
   332 ;; Data sizes:     COMMON   BANK0   BANK1   BANK3   BANK2
   333 ;;      Params:         0       0       0       0       0
   334 ;;      Locals:         0       0       0       0       0
   335 ;;      Temps:          0       0       0       0       0
   336 ;;      Totals:         0       0       0       0       0
   337 ;;Total ram usage:        0 bytes
   338 ;; Hardware stack levels required when called: 3
   339 ;; This function calls:
   340 ;;		_setup
   341 ;; This function is called by:
   342 ;;		Startup code after reset
   343 ;; This function uses a non-reentrant model
   344 ;;
   345                           
   346  00B6                     _main:	
   347                           ;psect for function _main
   348                           
   349  00B6                     l938:	
   350                           ;incstack = 0
   351                           ; Regs used in _main: [wreg+status,2+status,0+pclath+cstack]
   352                           
   353                           
   354                           ;lab.c: 80:     setup();
   355  00B6  120A  118A  206C  120A  118A  	fcall	_setup
   356  00BB                     l940:
   357                           
   358                           ;lab.c: 82:         if (!MODO_SLEEP){
   359  00BB  0876               	movf	_MODO_SLEEP,w
   360  00BC  0477               	iorwf	_MODO_SLEEP+1,w
   361  00BD  1D03               	btfss	3,2
   362  00BE  28C0               	goto	u171
   363  00BF  28C1               	goto	u170
   364  00C0                     u171:
   365  00C0  28BB               	goto	l940
   366  00C1                     u170:
   367  00C1                     l942:
   368                           
   369                           ;lab.c: 83:             if(ADCON0bits.GO == 0){
   370  00C1  1283               	bcf	3,5	;RP0=0, select bank0
   371  00C2  1303               	bcf	3,6	;RP1=0, select bank0
   372  00C3  189F               	btfsc	31,1	;volatile
   373  00C4  28C6               	goto	u181
   374  00C5  28C7               	goto	u180
   375  00C6                     u181:
   376  00C6  28BB               	goto	l940
   377  00C7                     u180:
   378  00C7                     l944:
   379                           
   380                           ;lab.c: 84:                 ADCON0bits.GO = 1;
   381  00C7  149F               	bsf	31,1	;volatile
   382  00C8  28BB               	goto	l940
   383  00C9  120A  118A  280C   	ljmp	start
   384  00CC                     __end_of_main:
   385                           
   386                           	psect	text1
   387  006C                     __ptext1:	
   388 ;; *************** function _setup *****************
   389 ;; Defined at:
   390 ;;		line 94 in file "lab.c"
   391 ;; Parameters:    Size  Location     Type
   392 ;;		None
   393 ;; Auto vars:     Size  Location     Type
   394 ;;		None
   395 ;; Return value:  Size  Location     Type
   396 ;;                  1    wreg      void 
   397 ;; Registers used:
   398 ;;		wreg, status,2, status,0
   399 ;; Tracked objects:
   400 ;;		On entry : 0/0
   401 ;;		On exit  : 0/0
   402 ;;		Unchanged: 0/0
   403 ;; Data sizes:     COMMON   BANK0   BANK1   BANK3   BANK2
   404 ;;      Params:         0       0       0       0       0
   405 ;;      Locals:         0       0       0       0       0
   406 ;;      Temps:          0       1       0       0       0
   407 ;;      Totals:         0       1       0       0       0
   408 ;;Total ram usage:        1 bytes
   409 ;; Hardware stack levels used: 1
   410 ;; Hardware stack levels required when called: 2
   411 ;; This function calls:
   412 ;;		Nothing
   413 ;; This function is called by:
   414 ;;		_main
   415 ;; This function uses a non-reentrant model
   416 ;;
   417                           
   418  006C                     _setup:	
   419                           ;psect for function _setup
   420                           
   421  006C                     l870:	
   422                           ;incstack = 0
   423                           ; Regs used in _setup: [wreg+status,2+status,0]
   424                           
   425                           
   426                           ;lab.c: 95:     OSCCONbits.IRCF = 0b0110;
   427  006C  1683               	bsf	3,5	;RP0=1, select bank1
   428  006D  1303               	bcf	3,6	;RP1=0, select bank1
   429  006E  080F               	movf	15,w	;volatile
   430  006F  398F               	andlw	-113
   431  0070  3860               	iorlw	96
   432  0071  008F               	movwf	15	;volatile
   433  0072                     l872:
   434                           
   435                           ;lab.c: 96:     OSCCONbits.SCS = 1;
   436  0072  140F               	bsf	15,0	;volatile
   437  0073                     l874:
   438                           
   439                           ;lab.c: 98:     ANSEL = 0b00000001;
   440  0073  3001               	movlw	1
   441  0074  1683               	bsf	3,5	;RP0=1, select bank3
   442  0075  1703               	bsf	3,6	;RP1=1, select bank3
   443  0076  0088               	movwf	8	;volatile
   444  0077                     l876:
   445                           
   446                           ;lab.c: 99:     ANSELH = 0x00;
   447  0077  0189               	clrf	9	;volatile
   448  0078                     l878:
   449                           
   450                           ;lab.c: 101:     TRISA = 0b00000001;
   451  0078  3001               	movlw	1
   452  0079  1683               	bsf	3,5	;RP0=1, select bank1
   453  007A  1303               	bcf	3,6	;RP1=0, select bank1
   454  007B  0085               	movwf	5	;volatile
   455  007C                     l880:
   456                           
   457                           ;lab.c: 102:     TRISB = 0x00;
   458  007C  0186               	clrf	6	;volatile
   459  007D                     l882:
   460                           
   461                           ;lab.c: 103:     TRISBbits.TRISB0 = 1;
   462  007D  1406               	bsf	6,0	;volatile
   463  007E                     l884:
   464                           
   465                           ;lab.c: 104:     TRISBbits.TRISB1 = 1;
   466  007E  1486               	bsf	6,1	;volatile
   467  007F                     l886:
   468                           
   469                           ;lab.c: 105:     TRISBbits.TRISB2 = 1;
   470  007F  1506               	bsf	6,2	;volatile
   471  0080                     l888:
   472                           
   473                           ;lab.c: 106:     TRISC = 0x00;
   474  0080  0187               	clrf	7	;volatile
   475  0081                     l890:
   476                           
   477                           ;lab.c: 107:     TRISD = 0x00;
   478  0081  0188               	clrf	8	;volatile
   479  0082                     l892:
   480                           
   481                           ;lab.c: 108:     TRISE = 0x00;
   482  0082  0189               	clrf	9	;volatile
   483  0083                     l894:
   484                           
   485                           ;lab.c: 110:     PORTA = 0x00;
   486  0083  1283               	bcf	3,5	;RP0=0, select bank0
   487  0084  1303               	bcf	3,6	;RP1=0, select bank0
   488  0085  0185               	clrf	5	;volatile
   489  0086                     l896:
   490                           
   491                           ;lab.c: 111:     PORTB = 0x00;
   492  0086  0186               	clrf	6	;volatile
   493  0087                     l898:
   494                           
   495                           ;lab.c: 112:     PORTC = 0x00;
   496  0087  0187               	clrf	7	;volatile
   497  0088                     l900:
   498                           
   499                           ;lab.c: 113:     PORTD = 0x00;
   500  0088  0188               	clrf	8	;volatile
   501  0089                     l902:
   502                           
   503                           ;lab.c: 114:     PORTE = 0x00;
   504  0089  0189               	clrf	9	;volatile
   505  008A                     l904:
   506                           
   507                           ;lab.c: 117:     OPTION_REGbits.nRBPU = 0;
   508  008A  1683               	bsf	3,5	;RP0=1, select bank1
   509  008B  1303               	bcf	3,6	;RP1=0, select bank1
   510  008C  1381               	bcf	1,7	;volatile
   511  008D                     l906:
   512                           
   513                           ;lab.c: 118:     WPUBbits.WPUB0 = 1;
   514  008D  1415               	bsf	21,0	;volatile
   515  008E                     l908:
   516                           
   517                           ;lab.c: 119:     WPUBbits.WPUB1 = 1;
   518  008E  1495               	bsf	21,1	;volatile
   519  008F                     l910:
   520                           
   521                           ;lab.c: 120:     WPUBbits.WPUB2 = 1;
   522  008F  1515               	bsf	21,2	;volatile
   523  0090                     l912:
   524                           
   525                           ;lab.c: 123:     PIR1bits.ADIF = 0;
   526  0090  1283               	bcf	3,5	;RP0=0, select bank0
   527  0091  1303               	bcf	3,6	;RP1=0, select bank0
   528  0092  130C               	bcf	12,6	;volatile
   529  0093                     l914:
   530                           
   531                           ;lab.c: 124:     PIE1bits.ADIE = 1;
   532  0093  1683               	bsf	3,5	;RP0=1, select bank1
   533  0094  1303               	bcf	3,6	;RP1=0, select bank1
   534  0095  170C               	bsf	12,6	;volatile
   535  0096                     l916:
   536                           
   537                           ;lab.c: 125:     INTCONbits.GIE = 1;
   538  0096  178B               	bsf	11,7	;volatile
   539  0097                     l918:
   540                           
   541                           ;lab.c: 126:     INTCONbits.PEIE = 1;
   542  0097  170B               	bsf	11,6	;volatile
   543  0098                     l920:
   544                           
   545                           ;lab.c: 127:     INTCONbits.RBIE = 1;
   546  0098  158B               	bsf	11,3	;volatile
   547  0099                     l922:
   548                           
   549                           ;lab.c: 128:     IOCBbits.IOCB0 = 1;
   550  0099  1416               	bsf	22,0	;volatile
   551  009A                     l924:
   552                           
   553                           ;lab.c: 129:     IOCBbits.IOCB1 = 1;
   554  009A  1496               	bsf	22,1	;volatile
   555  009B                     l926:
   556                           
   557                           ;lab.c: 130:     IOCBbits.IOCB2 = 1;
   558  009B  1516               	bsf	22,2	;volatile
   559                           
   560                           ;lab.c: 133:     ADCON0bits.ADCS = 0b11;
   561  009C  30C0               	movlw	192
   562  009D  1283               	bcf	3,5	;RP0=0, select bank0
   563  009E  1303               	bcf	3,6	;RP1=0, select bank0
   564  009F  049F               	iorwf	31,f	;volatile
   565  00A0                     l928:
   566                           
   567                           ;lab.c: 134:     ADCON1bits.VCFG0 = 0;
   568  00A0  1683               	bsf	3,5	;RP0=1, select bank1
   569  00A1  1303               	bcf	3,6	;RP1=0, select bank1
   570  00A2  121F               	bcf	31,4	;volatile
   571  00A3                     l930:
   572                           
   573                           ;lab.c: 135:     ADCON1bits.VCFG1 = 0;
   574  00A3  129F               	bcf	31,5	;volatile
   575                           
   576                           ;lab.c: 136:     ADCON0bits.CHS = 0b0000;
   577  00A4  30C3               	movlw	-61
   578  00A5  1283               	bcf	3,5	;RP0=0, select bank0
   579  00A6  1303               	bcf	3,6	;RP1=0, select bank0
   580  00A7  059F               	andwf	31,f	;volatile
   581  00A8                     l932:
   582                           
   583                           ;lab.c: 137:     ADCON1bits.ADFM = 0;
   584  00A8  1683               	bsf	3,5	;RP0=1, select bank1
   585  00A9  1303               	bcf	3,6	;RP1=0, select bank1
   586  00AA  139F               	bcf	31,7	;volatile
   587  00AB                     l934:
   588                           
   589                           ;lab.c: 138:     ADCON0bits.ADON = 1;
   590  00AB  1283               	bcf	3,5	;RP0=0, select bank0
   591  00AC  1303               	bcf	3,6	;RP1=0, select bank0
   592  00AD  141F               	bsf	31,0	;volatile
   593  00AE                     l936:
   594                           
   595                           ;lab.c: 139:     _delay((unsigned long)((40)*(4000000/4000000.0)));
   596  00AE  300C               	movlw	12
   597  00AF  1283               	bcf	3,5	;RP0=0, select bank0
   598  00B0  1303               	bcf	3,6	;RP1=0, select bank0
   599  00B1  00A0               	movwf	??_setup
   600  00B2                     u197:
   601  00B2  0BA0               	decfsz	??_setup,f
   602  00B3  28B2               	goto	u197
   603  00B4  0000               	nop
   604  00B5                     l96:
   605  00B5  0008               	return
   606  00B6                     __end_of_setup:
   607                           
   608                           	psect	text2
   609  0017                     __ptext2:	
   610 ;; *************** function _isr *****************
   611 ;; Defined at:
   612 ;;		line 48 in file "lab.c"
   613 ;; Parameters:    Size  Location     Type
   614 ;;		None
   615 ;; Auto vars:     Size  Location     Type
   616 ;;		None
   617 ;; Return value:  Size  Location     Type
   618 ;;                  1    wreg      void 
   619 ;; Registers used:
   620 ;;		wreg, status,2, status,0, pclath, cstack
   621 ;; Tracked objects:
   622 ;;		On entry : 0/0
   623 ;;		On exit  : 0/0
   624 ;;		Unchanged: 0/0
   625 ;; Data sizes:     COMMON   BANK0   BANK1   BANK3   BANK2
   626 ;;      Params:         0       0       0       0       0
   627 ;;      Locals:         0       0       0       0       0
   628 ;;      Temps:          4       0       0       0       0
   629 ;;      Totals:         4       0       0       0       0
   630 ;;Total ram usage:        4 bytes
   631 ;; Hardware stack levels used: 1
   632 ;; Hardware stack levels required when called: 1
   633 ;; This function calls:
   634 ;;		_ESCRITURA_EEPROM
   635 ;;		_LECTURA_EEPROM
   636 ;; This function is called by:
   637 ;;		Interrupt level 1
   638 ;; This function uses a non-reentrant model
   639 ;;
   640                           
   641  0017                     _isr:	
   642                           ;psect for function _isr
   643                           
   644  0017                     i1l840:
   645                           
   646                           ;lab.c: 49:     if(PIR1bits.ADIF){
   647  0017  1283               	bcf	3,5	;RP0=0, select bank0
   648  0018  1303               	bcf	3,6	;RP1=0, select bank0
   649  0019  1F0C               	btfss	12,6	;volatile
   650  001A  281C               	goto	u10_21
   651  001B  281D               	goto	u10_20
   652  001C                     u10_21:
   653  001C  2830               	goto	i1l848
   654  001D                     u10_20:
   655  001D                     i1l842:
   656                           
   657                           ;lab.c: 50:         if(ADCON0bits.CHS == 0){
   658  001D  0C1F               	rrf	31,w	;volatile
   659  001E  00F2               	movwf	??_isr
   660  001F  0C72               	rrf	??_isr,w
   661  0020  390F               	andlw	15
   662  0021  3A00               	xorlw	0
   663  0022  1D03               	skipz
   664  0023  2825               	goto	u11_21
   665  0024  2826               	goto	u11_20
   666  0025                     u11_21:
   667  0025  282F               	goto	i1l846
   668  0026                     u11_20:
   669  0026                     i1l844:
   670                           
   671                           ;lab.c: 51:             VALOR_POT = ADRESH;
   672  0026  081E               	movf	30,w	;volatile
   673  0027  00F2               	movwf	??_isr
   674  0028  01F3               	clrf	??_isr+1
   675  0029  0872               	movf	??_isr,w
   676  002A  00F8               	movwf	_VALOR_POT
   677  002B  0873               	movf	??_isr+1,w
   678  002C  00F9               	movwf	_VALOR_POT+1
   679                           
   680                           ;lab.c: 52:             PORTC = VALOR_POT;
   681  002D  0878               	movf	_VALOR_POT,w
   682  002E  0087               	movwf	7	;volatile
   683  002F                     i1l846:
   684                           
   685                           ;lab.c: 54:         PIR1bits.ADIF = 0;
   686  002F  130C               	bcf	12,6	;volatile
   687  0030                     i1l848:
   688                           
   689                           ;lab.c: 57:     if(INTCONbits.RBIF){
   690  0030  1C0B               	btfss	11,0	;volatile
   691  0031  2833               	goto	u12_21
   692  0032  2834               	goto	u12_20
   693  0033                     u12_21:
   694  0033  2865               	goto	i1l83
   695  0034                     u12_20:
   696  0034                     i1l850:
   697                           
   698                           ;lab.c: 58:         if(!PORTBbits.RB0){
   699  0034  1806               	btfsc	6,0	;volatile
   700  0035  2837               	goto	u13_21
   701  0036  2838               	goto	u13_20
   702  0037                     u13_21:
   703  0037  283F               	goto	i1l78
   704  0038                     u13_20:
   705  0038                     i1l852:
   706                           
   707                           ;lab.c: 59:             MODO_SLEEP = 1;
   708  0038  3001               	movlw	1
   709  0039  00F6               	movwf	_MODO_SLEEP
   710  003A  3000               	movlw	0
   711  003B  00F7               	movwf	_MODO_SLEEP+1
   712  003C                     i1l854:
   713                           
   714                           ;lab.c: 60:             PORTEbits.RE0 = 1;
   715  003C  1409               	bsf	9,0	;volatile
   716  003D  0063               	sleep	;# 
   717                           
   718                           ;lab.c: 62:         }
   719  003E  2864               	goto	i1l866
   720  003F                     i1l78:	
   721                           ;lab.c: 63:         else if(PORTBbits.RB1 == 0 && MODO_SLEEP == 1){
   722                           
   723  003F  1886               	btfsc	6,1	;volatile
   724  0040  2842               	goto	u14_21
   725  0041  2843               	goto	u14_20
   726  0042                     u14_21:
   727  0042  2856               	goto	i1l80
   728  0043                     u14_20:
   729  0043                     i1l856:
   730  0043  0376               	decf	_MODO_SLEEP,w
   731  0044  0477               	iorwf	_MODO_SLEEP+1,w
   732  0045  1D03               	btfss	3,2
   733  0046  2848               	goto	u15_21
   734  0047  2849               	goto	u15_20
   735  0048                     u15_21:
   736  0048  2856               	goto	i1l80
   737  0049                     u15_20:
   738  0049                     i1l858:
   739                           
   740                           ;lab.c: 64:             MODO_SLEEP = 0;
   741  0049  01F6               	clrf	_MODO_SLEEP
   742  004A  01F7               	clrf	_MODO_SLEEP+1
   743  004B                     i1l860:
   744                           
   745                           ;lab.c: 65:             PORTEbits.RE0 = 0;
   746  004B  1009               	bcf	9,0	;volatile
   747  004C                     i1l862:
   748                           
   749                           ;lab.c: 66:             PORTD = LECTURA_EEPROM(0);
   750  004C  3000               	movlw	0
   751  004D  120A  118A  20E1  120A  118A  	fcall	_LECTURA_EEPROM
   752  0052  1283               	bcf	3,5	;RP0=0, select bank0
   753  0053  1303               	bcf	3,6	;RP1=0, select bank0
   754  0054  0088               	movwf	8	;volatile
   755                           
   756                           ;lab.c: 67:         }
   757  0055  2864               	goto	i1l866
   758  0056                     i1l80:	
   759                           ;lab.c: 68:         else if(!PORTBbits.RB2){
   760                           
   761  0056  1906               	btfsc	6,2	;volatile
   762  0057  2859               	goto	u16_21
   763  0058  285A               	goto	u16_20
   764  0059                     u16_21:
   765  0059  2864               	goto	i1l866
   766  005A                     u16_20:
   767  005A                     i1l864:
   768                           
   769                           ;lab.c: 69:             ESCRITURA_EEPROM(0, VALOR_POT);
   770  005A  0878               	movf	_VALOR_POT,w
   771  005B  00F2               	movwf	??_isr
   772  005C  0872               	movf	??_isr,w
   773  005D  00F0               	movwf	ESCRITURA_EEPROM@DATA
   774  005E  3000               	movlw	0
   775  005F  120A  118A  20CC  120A  118A  	fcall	_ESCRITURA_EEPROM
   776  0064                     i1l866:
   777                           
   778                           ;lab.c: 71:         INTCONbits.RBIF = 0;
   779  0064  100B               	bcf	11,0	;volatile
   780  0065                     i1l83:
   781  0065  0875               	movf	??_isr+3,w
   782  0066  008A               	movwf	10
   783  0067  0E74               	swapf	??_isr+2,w
   784  0068  0083               	movwf	3
   785  0069  0EFE               	swapf	btemp,f
   786  006A  0E7E               	swapf	btemp,w
   787  006B  0009               	retfie
   788  006C                     __end_of_isr:
   789                           
   790                           	psect	intentry
   791  0004                     __pintentry:	
   792                           ;incstack = 0
   793                           ; Regs used in _isr: [wreg+status,2+status,0+pclath+cstack]
   794                           
   795  0004                     interrupt_function:
   796  007E                     saved_w	set	btemp
   797  0004  00FE               	movwf	btemp
   798  0005  0E03               	swapf	3,w
   799  0006  00F4               	movwf	??_isr+2
   800  0007  080A               	movf	10,w
   801  0008  00F5               	movwf	??_isr+3
   802  0009  120A  118A  2817   	ljmp	_isr
   803                           
   804                           	psect	text3
   805  00E1                     __ptext3:	
   806 ;; *************** function _LECTURA_EEPROM *****************
   807 ;; Defined at:
   808 ;;		line 145 in file "lab.c"
   809 ;; Parameters:    Size  Location     Type
   810 ;;  DIRECCION       1    wreg     unsigned char 
   811 ;; Auto vars:     Size  Location     Type
   812 ;;  DIRECCION       1    0[COMMON] unsigned char 
   813 ;; Return value:  Size  Location     Type
   814 ;;                  1    wreg      unsigned char 
   815 ;; Registers used:
   816 ;;		wreg
   817 ;; Tracked objects:
   818 ;;		On entry : 0/0
   819 ;;		On exit  : 0/0
   820 ;;		Unchanged: 0/0
   821 ;; Data sizes:     COMMON   BANK0   BANK1   BANK3   BANK2
   822 ;;      Params:         0       0       0       0       0
   823 ;;      Locals:         1       0       0       0       0
   824 ;;      Temps:          0       0       0       0       0
   825 ;;      Totals:         1       0       0       0       0
   826 ;;Total ram usage:        1 bytes
   827 ;; Hardware stack levels used: 1
   828 ;; This function calls:
   829 ;;		Nothing
   830 ;; This function is called by:
   831 ;;		_isr
   832 ;; This function uses a non-reentrant model
   833 ;;
   834                           
   835  00E1                     _LECTURA_EEPROM:	
   836                           ;psect for function _LECTURA_EEPROM
   837                           
   838                           
   839                           ;incstack = 0
   840                           ; Regs used in _LECTURA_EEPROM: [wreg]
   841                           ;LECTURA_EEPROM@DIRECCION stored from wreg
   842  00E1  00F0               	movwf	LECTURA_EEPROM@DIRECCION
   843  00E2                     i1l694:
   844                           
   845                           ;lab.c: 146:     EEADR = DIRECCION;
   846  00E2  0870               	movf	LECTURA_EEPROM@DIRECCION,w
   847  00E3  1283               	bcf	3,5	;RP0=0, select bank2
   848  00E4  1703               	bsf	3,6	;RP1=1, select bank2
   849  00E5  008D               	movwf	13	;volatile
   850  00E6                     i1l696:
   851                           
   852                           ;lab.c: 147:     EECON1bits.EEPGD = 0;
   853  00E6  1683               	bsf	3,5	;RP0=1, select bank3
   854  00E7  1703               	bsf	3,6	;RP1=1, select bank3
   855  00E8  138C               	bcf	12,7	;volsfr
   856  00E9                     i1l698:
   857                           
   858                           ;lab.c: 148:     EECON1bits.RD = 1;
   859  00E9  140C               	bsf	12,0	;volsfr
   860                           
   861                           ;lab.c: 149:     return EEDAT;
   862  00EA  1283               	bcf	3,5	;RP0=0, select bank2
   863  00EB  1703               	bsf	3,6	;RP1=1, select bank2
   864  00EC  080C               	movf	12,w	;volatile
   865  00ED                     i1l99:
   866  00ED  0008               	return
   867  00EE                     __end_of_LECTURA_EEPROM:
   868                           
   869                           	psect	text4
   870  00CC                     __ptext4:	
   871 ;; *************** function _ESCRITURA_EEPROM *****************
   872 ;; Defined at:
   873 ;;		line 152 in file "lab.c"
   874 ;; Parameters:    Size  Location     Type
   875 ;;  DIRECCION       1    wreg     unsigned char 
   876 ;;  DATA            1    0[COMMON] unsigned char 
   877 ;; Auto vars:     Size  Location     Type
   878 ;;  DIRECCION       1    1[COMMON] unsigned char 
   879 ;; Return value:  Size  Location     Type
   880 ;;                  1    wreg      void 
   881 ;; Registers used:
   882 ;;		wreg
   883 ;; Tracked objects:
   884 ;;		On entry : 0/0
   885 ;;		On exit  : 0/0
   886 ;;		Unchanged: 0/0
   887 ;; Data sizes:     COMMON   BANK0   BANK1   BANK3   BANK2
   888 ;;      Params:         1       0       0       0       0
   889 ;;      Locals:         1       0       0       0       0
   890 ;;      Temps:          0       0       0       0       0
   891 ;;      Totals:         2       0       0       0       0
   892 ;;Total ram usage:        2 bytes
   893 ;; Hardware stack levels used: 1
   894 ;; This function calls:
   895 ;;		Nothing
   896 ;; This function is called by:
   897 ;;		_isr
   898 ;; This function uses a non-reentrant model
   899 ;;
   900                           
   901  00CC                     _ESCRITURA_EEPROM:	
   902                           ;psect for function _ESCRITURA_EEPROM
   903                           
   904                           
   905                           ;incstack = 0
   906                           ; Regs used in _ESCRITURA_EEPROM: [wreg]
   907                           ;ESCRITURA_EEPROM@DIRECCION stored from wreg
   908  00CC  00F1               	movwf	ESCRITURA_EEPROM@DIRECCION
   909  00CD                     i1l824:
   910                           
   911                           ;lab.c: 153:     EEADR = DIRECCION;
   912  00CD  0871               	movf	ESCRITURA_EEPROM@DIRECCION,w
   913  00CE  1283               	bcf	3,5	;RP0=0, select bank2
   914  00CF  1703               	bsf	3,6	;RP1=1, select bank2
   915  00D0  008D               	movwf	13	;volatile
   916                           
   917                           ;lab.c: 154:     EEDAT = DATA;
   918  00D1  0870               	movf	ESCRITURA_EEPROM@DATA,w
   919  00D2  008C               	movwf	12	;volatile
   920  00D3                     i1l826:
   921                           
   922                           ;lab.c: 155:     EECON1bits.EEPGD = 0;
   923  00D3  1683               	bsf	3,5	;RP0=1, select bank3
   924  00D4  1703               	bsf	3,6	;RP1=1, select bank3
   925  00D5  138C               	bcf	12,7	;volsfr
   926  00D6                     i1l828:
   927                           
   928                           ;lab.c: 156:     EECON1bits.WREN = 1;
   929  00D6  150C               	bsf	12,2	;volsfr
   930  00D7                     i1l830:
   931                           
   932                           ;lab.c: 158:     INTCONbits.GIE = 0;
   933  00D7  138B               	bcf	11,7	;volatile
   934                           
   935                           ;lab.c: 159:     EECON2 = 0x55;
   936  00D8  3055               	movlw	85
   937  00D9  008D               	movwf	13	;volsfr
   938                           
   939                           ;lab.c: 160:     EECON2 = 0xAA;
   940  00DA  30AA               	movlw	170
   941  00DB  008D               	movwf	13	;volsfr
   942  00DC                     i1l832:
   943                           
   944                           ;lab.c: 162:     EECON1bits.WR = 1;
   945  00DC  148C               	bsf	12,1	;volsfr
   946  00DD                     i1l834:
   947                           
   948                           ;lab.c: 163:     EECON1bits.WREN = 0;
   949  00DD  110C               	bcf	12,2	;volsfr
   950  00DE                     i1l836:
   951                           
   952                           ;lab.c: 164:     INTCONbits.RBIF = 0;
   953  00DE  100B               	bcf	11,0	;volatile
   954  00DF                     i1l838:
   955                           
   956                           ;lab.c: 165:     INTCONbits.GIE = 1;
   957  00DF  178B               	bsf	11,7	;volatile
   958  00E0                     i1l102:
   959  00E0  0008               	return
   960  00E1                     __end_of_ESCRITURA_EEPROM:
   961  007E                     btemp	set	126	;btemp
   962  007E                     wtemp0	set	126
   963                           
   964                           	psect	idloc
   965                           
   966                           ;Config register IDLOC0 @ 0x2000
   967                           ;	unspecified, using default values
   968  2000                     	org	8192
   969  2000  3FFF               	dw	16383
   970                           
   971                           ;Config register IDLOC1 @ 0x2001
   972                           ;	unspecified, using default values
   973  2001                     	org	8193
   974  2001  3FFF               	dw	16383
   975                           
   976                           ;Config register IDLOC2 @ 0x2002
   977                           ;	unspecified, using default values
   978  2002                     	org	8194
   979  2002  3FFF               	dw	16383
   980                           
   981                           ;Config register IDLOC3 @ 0x2003
   982                           ;	unspecified, using default values
   983  2003                     	org	8195
   984  2003  3FFF               	dw	16383
   985                           
   986                           	psect	config
   987                           
   988                           ;Config register CONFIG1 @ 0x2007
   989                           ;	Oscillator Selection bits
   990                           ;	FOSC = INTRC_NOCLKOUT, INTOSCIO oscillator: I/O function on RA6/OSC2/CLKOUT pin, I/O f
      +                          unction on RA7/OSC1/CLKIN
   991                           ;	Watchdog Timer Enable bit
   992                           ;	WDTE = OFF, WDT disabled and can be enabled by SWDTEN bit of the WDTCON register
   993                           ;	Power-up Timer Enable bit
   994                           ;	PWRTE = OFF, PWRT disabled
   995                           ;	RE3/MCLR pin function select bit
   996                           ;	MCLRE = OFF, RE3/MCLR pin function is digital input, MCLR internally tied to VDD
   997                           ;	Code Protection bit
   998                           ;	CP = OFF, Program memory code protection is disabled
   999                           ;	Data Code Protection bit
  1000                           ;	CPD = OFF, Data memory code protection is disabled
  1001                           ;	Brown Out Reset Selection bits
  1002                           ;	BOREN = OFF, BOR disabled
  1003                           ;	Internal External Switchover bit
  1004                           ;	IESO = OFF, Internal/External Switchover mode is disabled
  1005                           ;	Fail-Safe Clock Monitor Enabled bit
  1006                           ;	FCMEN = OFF, Fail-Safe Clock Monitor is disabled
  1007                           ;	Low Voltage Programming Enable bit
  1008                           ;	LVP = OFF, RB3 pin has digital I/O, HV on MCLR must be used for programming
  1009                           ;	In-Circuit Debugger Mode bit
  1010                           ;	DEBUG = 0x1, unprogrammed default
  1011  2007                     	org	8199
  1012  2007  20D4               	dw	8404
  1013                           
  1014                           ;Config register CONFIG2 @ 0x2008
  1015                           ;	Brown-out Reset Selection bit
  1016                           ;	BOR4V = BOR40V, Brown-out Reset set to 4.0V
  1017                           ;	Flash Program Memory Self Write Enable bits
  1018                           ;	WRT = OFF, Write protection off
  1019  2008                     	org	8200
  1020  2008  3FFF               	dw	16383

Data Sizes:
    Strings     0
    Constant    0
    Data        0
    BSS         4
    Persistent  0
    Stack       0

Auto Spaces:
    Space          Size  Autos    Used
    COMMON           14      6      10
    BANK0            80      1       1
    BANK1            80      0       0
    BANK3            96      0       0
    BANK2            96      0       0

Pointer List with Targets:

    None.

Critical Paths under _main in COMMON

    None.

Critical Paths under _isr in COMMON

    _isr->_ESCRITURA_EEPROM

Critical Paths under _main in BANK0

    _main->_setup

Critical Paths under _isr in BANK0

    None.

Critical Paths under _main in BANK1

    None.

Critical Paths under _isr in BANK1

    None.

Critical Paths under _main in BANK3

    None.

Critical Paths under _isr in BANK3

    None.

Critical Paths under _main in BANK2

    None.

Critical Paths under _isr in BANK2

    None.

Call Graph Tables:

 ---------------------------------------------------------------------------------
 (Depth) Function   	        Calls       Base Space   Used Autos Params    Refs
 ---------------------------------------------------------------------------------
 (0) _main                                                 0     0      0       0
                              _setup
 ---------------------------------------------------------------------------------
 (1) _setup                                                1     1      0       0
                                              0 BANK0      1     1      0
 ---------------------------------------------------------------------------------
 Estimated maximum stack depth 1
 ---------------------------------------------------------------------------------
 (Depth) Function   	        Calls       Base Space   Used Autos Params    Refs
 ---------------------------------------------------------------------------------
 (2) _isr                                                  4     4      0     135
                                              2 COMMON     4     4      0
                   _ESCRITURA_EEPROM
                     _LECTURA_EEPROM
 ---------------------------------------------------------------------------------
 (3) _LECTURA_EEPROM                                       1     1      0      15
                                              0 COMMON     1     1      0
 ---------------------------------------------------------------------------------
 (3) _ESCRITURA_EEPROM                                     2     1      1     120
                                              0 COMMON     2     1      1
 ---------------------------------------------------------------------------------
 Estimated maximum stack depth 3
 ---------------------------------------------------------------------------------

 Call Graph Graphs:

 _main (ROOT)
   _setup

 _isr (ROOT)
   _ESCRITURA_EEPROM
   _LECTURA_EEPROM

 Address spaces:
Name               Size   Autos  Total    Cost      Usage
BITCOMMON            E      0       0       0        0.0%
EEDATA             100      0       0       0        0.0%
NULL                 0      0       0       0        0.0%
CODE                 0      0       0       0        0.0%
COMMON               E      6       A       1       71.4%
BITSFR0              0      0       0       1        0.0%
SFR0                 0      0       0       1        0.0%
BITSFR1              0      0       0       2        0.0%
SFR1                 0      0       0       2        0.0%
STACK                0      0       0       2        0.0%
ABS                  0      0       B       3        0.0%
BITBANK0            50      0       0       4        0.0%
BITSFR3              0      0       0       4        0.0%
SFR3                 0      0       0       4        0.0%
BANK0               50      1       1       5        1.2%
BITSFR2              0      0       0       5        0.0%
SFR2                 0      0       0       5        0.0%
BITBANK1            50      0       0       6        0.0%
BANK1               50      0       0       7        0.0%
BITBANK3            60      0       0       8        0.0%
BANK3               60      0       0       9        0.0%
BITBANK2            60      0       0      10        0.0%
BANK2               60      0       0      11        0.0%
DATA                 0      0       B      12        0.0%


Microchip Technology PIC Macro Assembler V2.35 build 20211206165544 
Symbol Table                                                                                   Thu May 19 22:11:48 2022

                       l96 00B5                        l900 0088                        l910 008F  
                      l902 0089                        l920 0098                        l912 0090  
                      l904 008A                        l930 00A3                        l922 0099  
                      l914 0093                        l906 008D                        l932 00A8  
                      l924 009A                        l916 0096                        l908 008E  
                      l940 00BB                        l934 00AB                        l926 009B  
                      l918 0097                        l870 006C                        l942 00C1  
                      l936 00AE                        l928 00A0                        l880 007C  
                      l872 0072                        l944 00C7                        l890 0081  
                      l882 007D                        l874 0073                        l938 00B6  
                      l892 0082                        l884 007E                        l876 0077  
                      l894 0083                        l886 007F                        l878 0078  
                      l896 0086                        l888 0080                        l898 0087  
                      u170 00C1                        u171 00C0                        u180 00C7  
                      u181 00C6                        u197 00B2                        _isr 0017  
                     ?_isr 0070                       i1l80 0056                       i1l83 0065  
                     i1l78 003F                       i1l99 00ED                       _main 00B6  
                     btemp 007E                       start 000C                      ??_isr 0072  
                    ?_main 0070                      _EEADR 010D                      _EEDAT 010C  
                    _ANSEL 0188                      i1l102 00E0                      i1l830 00D7  
                    i1l832 00DC                      i1l824 00CD                      i1l840 0017  
                    i1l834 00DD                      i1l826 00D3                      i1l850 0034  
                    i1l842 001D                      i1l836 00DE                      i1l828 00D6  
                    i1l860 004B                      i1l852 0038                      i1l844 0026  
                    i1l838 00DF                      i1l694 00E2                      i1l862 004C  
                    i1l854 003C                      i1l846 002F                      i1l696 00E6  
                    i1l864 005A                      i1l856 0043                      i1l848 0030  
                    i1l698 00E9                      i1l858 0049                      i1l866 0064  
                    u10_20 001D                      u10_21 001C                      u11_20 0026  
                    u11_21 0025                      u12_20 0034                      u12_21 0033  
                    u13_20 0038                      u13_21 0037                      u14_20 0043  
                    u14_21 0042                      u15_20 0049                      u15_21 0048  
                    u16_20 005A                      u16_21 0059                      _PORTA 0005  
                    _PORTB 0006                      _PORTC 0007                      _PORTD 0008  
                    _PORTE 0009                      _TRISA 0085                      _TRISB 0086  
                    _TRISC 0087                      _TRISD 0088                      _TRISE 0089  
                    _setup 006C                      pclath 000A                      status 0003  
                    wtemp0 007E            __initialization 000F               __end_of_main 00CC  
         ??_LECTURA_EEPROM 0070                     ??_main 0021       ESCRITURA_EEPROM@DATA 0070  
                   _ADRESH 001E                     _EECON2 018D                     ?_setup 0070  
                   _ANSELH 0189          ?_ESCRITURA_EEPROM 0070         ??_ESCRITURA_EEPROM 0071  
                   saved_w 007E    __end_of__initialization 0013    LECTURA_EEPROM@DIRECCION 0070  
           __pcstackCOMMON 0070              __end_of_setup 00B6             _OPTION_REGbits 0081  
                  ??_setup 0020                 __pmaintext 00B6                 __pintentry 0004  
                  __ptext1 006C                    __ptext2 0017                    __ptext3 00E1  
                  __ptext4 00CC       end_of_initialization 0013                  _VALOR_POT 0078  
                _PORTBbits 0006                  _PORTEbits 0009                  _TRISBbits 0086  
      start_initialization 000F                __end_of_isr 006C                __pbssCOMMON 0076  
                ___latbits 0002  ESCRITURA_EEPROM@DIRECCION 0071              __pcstackBANK0 0020  
         _ESCRITURA_EEPROM 00CC          interrupt_function 0004                   _IOCBbits 0096  
                 _PIE1bits 008C                   _PIR1bits 000C                 _ADCON0bits 001F  
               _ADCON1bits 009F                   _WPUBbits 0095             _LECTURA_EEPROM 00E1  
               _EECON1bits 018C     __end_of_LECTURA_EEPROM 00EE            ?_LECTURA_EEPROM 0070  
               _INTCONbits 000B   __end_of_ESCRITURA_EEPROM 00E1                   intlevel1 0000  
               _MODO_SLEEP 0076                 _OSCCONbits 008F  
